<?xml version="1.0" encoding="UTF-8"?>
<!-- Generated by org.testng.reporters.JUnitXMLReporter -->
<testsuite ignored="0" hostname="C02HG5W5Q6L5" failures="0" tests="3" name="Default test" time="74.138" errors="0" timestamp="2023-06-02T09:36:11 IST">
  <testcase classname="com.wipro.Testcases.Testcase4" name="Login1" time="7.653"/>
  <testcase classname="com.wipro.Testcases.Testcase4" name="mymenu" time="10.963"/>
  <testcase classname="com.wipro.Testcases.Testcase4" name="logout1" time="2.378"/>
</testsuite> <!-- Default test -->
