<?xml version="1.0" encoding="UTF-8"?>
<!-- Generated by org.testng.reporters.JUnitXMLReporter -->
<testsuite ignored="0" hostname="C02HG5W5Q6L5" failures="0" tests="14" name="NopCommerceTest" time="124.272" errors="0" timestamp="2023-06-06T15:18:56 IST">
  <testcase classname="com.wipro.Testcases.Testcase1" name="Register1" time="10.383"/>
  <testcase classname="com.wipro.Testcases.Testcase1" name="Login1" time="6.637"/>
  <testcase classname="com.wipro.Testcases.Testcase1" name="logout1" time="0.947"/>
  <testcase classname="com.wipro.Testcases.Testcase2" name="Login1" time="9.469"/>
  <testcase classname="com.wipro.Testcases.Testcase2" name="Myaccfunctionality" time="0.687"/>
  <testcase classname="com.wipro.Testcases.Testcase2" name="addressfuctionality" time="6.693"/>
  <testcase classname="com.wipro.Testcases.Testcase2" name="LogoutFunction" time="1.684"/>
  <testcase classname="com.wipro.Testcases.Testcase3" name="Login1" time="9.24"/>
  <testcase classname="com.wipro.Testcases.Testcase3" name="mymenu" time="3.656"/>
  <testcase classname="com.wipro.Testcases.Testcase3" name="myselect" time="10.178"/>
  <testcase classname="com.wipro.Testcases.Testcase3" name="logout1" time="1.017"/>
  <testcase classname="com.wipro.Testcases.Testcase4" name="Login1" time="8.052"/>
  <testcase classname="com.wipro.Testcases.Testcase4" name="mymenu" time="10.085"/>
  <testcase classname="com.wipro.Testcases.Testcase4" name="logout1" time="2.195"/>
</testsuite> <!-- NopCommerceTest -->
