<?xml version="1.0" encoding="UTF-8"?>
<!-- Generated by org.testng.reporters.JUnitXMLReporter -->
<testsuite ignored="0" hostname="C02HG5W5Q6L5" failures="0" tests="14" name="NopCommerceProjectSTest" time="145.618" errors="0" timestamp="2023-05-29T14:32:18 IST">
  <testcase classname="com.wipro.Testcases.Testcase1" name="Register1" time="10.901"/>
  <testcase classname="com.wipro.Testcases.Testcase1" name="Login1" time="6.835"/>
  <testcase classname="com.wipro.Testcases.Testcase1" name="logout1" time="1.076"/>
  <testcase classname="com.wipro.Testcases.Testcase2" name="Login1" time="10.228"/>
  <testcase classname="com.wipro.Testcases.Testcase2" name="Myaccfunctionality" time="0.957"/>
  <testcase classname="com.wipro.Testcases.Testcase2" name="addressfuctionality" time="7.823"/>
  <testcase classname="com.wipro.Testcases.Testcase2" name="LogoutFunction" time="1.944"/>
  <testcase classname="com.wipro.Testcases.Testcase3" name="Login1" time="8.855"/>
  <testcase classname="com.wipro.Testcases.Testcase3" name="mymenu" time="6.379"/>
  <testcase classname="com.wipro.Testcases.Testcase3" name="myselect" time="12.123"/>
  <testcase classname="com.wipro.Testcases.Testcase3" name="logout1" time="1.348"/>
  <testcase classname="com.wipro.Testcases.Testcase4" name="Login1" time="10.492"/>
  <testcase classname="com.wipro.Testcases.Testcase4" name="mymenu" time="15.65"/>
  <testcase classname="com.wipro.Testcases.Testcase4" name="logout1" time="3.163"/>
</testsuite> <!-- NopCommerceProjectSTest -->
