<?xml version="1.0" encoding="UTF-8"?>
<testng-results ignored="0" total="14" passed="14" failed="0" skipped="0">
  <reporter-output>
  </reporter-output>
  <suite started-at="2023-06-06T15:16:52 IST" name="Suite" finished-at="2023-06-06T15:18:56 IST" duration-ms="124272">
    <groups>
    </groups>
    <test started-at="2023-06-06T15:16:52 IST" name="NopCommerceTest" finished-at="2023-06-06T15:18:56 IST" duration-ms="124272">
      <class name="com.wipro.Testcases.Testcase2">
        <test-method is-config="true" signature="setUp()[pri:0, instance:com.wipro.Testcases.Testcase2@183ec003]" started-at="2023-06-06T15:17:25 IST" name="setUp" finished-at="2023-06-06T15:17:34 IST" duration-ms="8855" status="PASS">
          <reporter-output>
          </reporter-output>
        </test-method> <!-- setUp -->
        <test-method signature="Login1(java.lang.String,java.lang.String)[pri:0, instance:com.wipro.Testcases.Testcase2@183ec003]" started-at="2023-06-06T15:17:34 IST" name="Login1" data-provider="logindata" finished-at="2023-06-06T15:17:43 IST" duration-ms="9469" status="PASS">
          <params>
            <param index="0">
              <value>
                <![CDATA[venkatesh444@gmail.com]]>
              </value>
            </param>
            <param index="1">
              <value>
                <![CDATA[Angara@123]]>
              </value>
            </param>
          </params>
          <reporter-output>
          </reporter-output>
        </test-method> <!-- Login1 -->
        <test-method signature="Myaccfunctionality()[pri:1, instance:com.wipro.Testcases.Testcase2@183ec003]" started-at="2023-06-06T15:17:43 IST" name="Myaccfunctionality" finished-at="2023-06-06T15:17:44 IST" duration-ms="687" status="PASS">
          <reporter-output>
          </reporter-output>
        </test-method> <!-- Myaccfunctionality -->
        <test-method signature="addressfuctionality(java.lang.String,java.lang.String,java.lang.String,java.lang.String,java.lang.String,java.lang.String,java.lang.String,java.lang.String)[pri:2, instance:com.wipro.Testcases.Testcase2@183ec003]" started-at="2023-06-06T15:17:44 IST" name="addressfuctionality" data-provider="addressdata" finished-at="2023-06-06T15:17:51 IST" duration-ms="6693" status="PASS">
          <params>
            <param index="0">
              <value>
                <![CDATA[Angara]]>
              </value>
            </param>
            <param index="1">
              <value>
                <![CDATA[venkat]]>
              </value>
            </param>
            <param index="2">
              <value>
                <![CDATA[venkatesh444@gmail.com]]>
              </value>
            </param>
            <param index="3">
              <value>
                <![CDATA[India]]>
              </value>
            </param>
            <param index="4">
              <value>
                <![CDATA[Konaseema]]>
              </value>
            </param>
            <param index="5">
              <value>
                <![CDATA[Rama Durga Street]]>
              </value>
            </param>
            <param index="6">
              <value>
                <![CDATA[533255]]>
              </value>
            </param>
            <param index="7">
              <value>
                <![CDATA[9542322769]]>
              </value>
            </param>
          </params>
          <reporter-output>
          </reporter-output>
        </test-method> <!-- addressfuctionality -->
        <test-method signature="LogoutFunction()[pri:3, instance:com.wipro.Testcases.Testcase2@183ec003]" started-at="2023-06-06T15:17:51 IST" name="LogoutFunction" finished-at="2023-06-06T15:17:53 IST" duration-ms="1684" status="PASS">
          <reporter-output>
          </reporter-output>
        </test-method> <!-- LogoutFunction -->
        <test-method is-config="true" signature="windUp()[pri:0, instance:com.wipro.Testcases.Testcase2@183ec003]" started-at="2023-06-06T15:17:53 IST" name="windUp" finished-at="2023-06-06T15:17:53 IST" duration-ms="135" status="PASS">
          <reporter-output>
          </reporter-output>
        </test-method> <!-- windUp -->
      </class> <!-- com.wipro.Testcases.Testcase2 -->
      <class name="com.wipro.Testcases.Testcase1">
        <test-method is-config="true" signature="setUp()[pri:0, instance:com.wipro.Testcases.Testcase1@1750fbeb]" started-at="2023-06-06T15:16:52 IST" name="setUp" finished-at="2023-06-06T15:17:06 IST" duration-ms="14416" status="PASS">
          <reporter-output>
          </reporter-output>
        </test-method> <!-- setUp -->
        <test-method signature="Register1(java.lang.String,java.lang.String,java.lang.String,java.lang.String,java.lang.String,java.lang.String,java.lang.String,java.lang.String)[pri:0, instance:com.wipro.Testcases.Testcase1@1750fbeb]" started-at="2023-06-06T15:17:07 IST" name="Register1" data-provider="registerdata" finished-at="2023-06-06T15:17:17 IST" duration-ms="10383" status="PASS">
          <params>
            <param index="0">
              <value>
                <![CDATA[Angara]]>
              </value>
            </param>
            <param index="1">
              <value>
                <![CDATA[Venkatesh]]>
              </value>
            </param>
            <param index="2">
              <value>
                <![CDATA[28]]>
              </value>
            </param>
            <param index="3">
              <value>
                <![CDATA[April]]>
              </value>
            </param>
            <param index="4">
              <value>
                <![CDATA[1999]]>
              </value>
            </param>
            <param index="5">
              <value>
                <![CDATA[venkatesh444@gmail.com]]>
              </value>
            </param>
            <param index="6">
              <value>
                <![CDATA[Angara@123]]>
              </value>
            </param>
            <param index="7">
              <value>
                <![CDATA[Angara@123]]>
              </value>
            </param>
          </params>
          <reporter-output>
          </reporter-output>
        </test-method> <!-- Register1 -->
        <test-method signature="Login1(java.lang.String,java.lang.String)[pri:1, instance:com.wipro.Testcases.Testcase1@1750fbeb]" started-at="2023-06-06T15:17:17 IST" name="Login1" data-provider="logindata" finished-at="2023-06-06T15:17:24 IST" duration-ms="6637" status="PASS">
          <params>
            <param index="0">
              <value>
                <![CDATA[venkatesh444@gmail.com]]>
              </value>
            </param>
            <param index="1">
              <value>
                <![CDATA[Angara@123]]>
              </value>
            </param>
          </params>
          <reporter-output>
          </reporter-output>
        </test-method> <!-- Login1 -->
        <test-method signature="logout1()[pri:2, instance:com.wipro.Testcases.Testcase1@1750fbeb]" started-at="2023-06-06T15:17:24 IST" name="logout1" finished-at="2023-06-06T15:17:25 IST" duration-ms="947" status="PASS">
          <reporter-output>
          </reporter-output>
        </test-method> <!-- logout1 -->
        <test-method is-config="true" signature="windUp()[pri:0, instance:com.wipro.Testcases.Testcase1@1750fbeb]" started-at="2023-06-06T15:17:25 IST" name="windUp" finished-at="2023-06-06T15:17:25 IST" duration-ms="124" status="PASS">
          <reporter-output>
          </reporter-output>
        </test-method> <!-- windUp -->
      </class> <!-- com.wipro.Testcases.Testcase1 -->
      <class name="com.wipro.Testcases.Testcase4">
        <test-method is-config="true" signature="setUp()[pri:0, instance:com.wipro.Testcases.Testcase4@3e08ff24]" started-at="2023-06-06T15:18:26 IST" name="setUp" finished-at="2023-06-06T15:18:36 IST" duration-ms="9391" status="PASS">
          <reporter-output>
          </reporter-output>
        </test-method> <!-- setUp -->
        <test-method signature="Login1(java.lang.String,java.lang.String)[pri:0, instance:com.wipro.Testcases.Testcase4@3e08ff24]" started-at="2023-06-06T15:18:36 IST" name="Login1" data-provider="logindata" finished-at="2023-06-06T15:18:44 IST" duration-ms="8052" status="PASS">
          <params>
            <param index="0">
              <value>
                <![CDATA[venkatesh444@gmail.com]]>
              </value>
            </param>
            <param index="1">
              <value>
                <![CDATA[Angara@123]]>
              </value>
            </param>
          </params>
          <reporter-output>
          </reporter-output>
        </test-method> <!-- Login1 -->
        <test-method signature="mymenu()[pri:1, instance:com.wipro.Testcases.Testcase4@3e08ff24]" started-at="2023-06-06T15:18:44 IST" name="mymenu" finished-at="2023-06-06T15:18:54 IST" duration-ms="10085" status="PASS">
          <reporter-output>
          </reporter-output>
        </test-method> <!-- mymenu -->
        <test-method signature="logout1()[pri:3, instance:com.wipro.Testcases.Testcase4@3e08ff24]" started-at="2023-06-06T15:18:54 IST" name="logout1" finished-at="2023-06-06T15:18:56 IST" duration-ms="2195" status="PASS">
          <reporter-output>
          </reporter-output>
        </test-method> <!-- logout1 -->
        <test-method is-config="true" signature="windUp()[pri:0, instance:com.wipro.Testcases.Testcase4@3e08ff24]" started-at="2023-06-06T15:18:56 IST" name="windUp" finished-at="2023-06-06T15:18:56 IST" duration-ms="141" status="PASS">
          <reporter-output>
          </reporter-output>
        </test-method> <!-- windUp -->
      </class> <!-- com.wipro.Testcases.Testcase4 -->
      <class name="com.wipro.Testcases.Testcase3">
        <test-method is-config="true" signature="setUp()[pri:0, instance:com.wipro.Testcases.Testcase3@451001e5]" started-at="2023-06-06T15:17:53 IST" name="setUp" finished-at="2023-06-06T15:18:02 IST" duration-ms="8991" status="PASS">
          <reporter-output>
          </reporter-output>
        </test-method> <!-- setUp -->
        <test-method signature="Login1(java.lang.String,java.lang.String)[pri:0, instance:com.wipro.Testcases.Testcase3@451001e5]" started-at="2023-06-06T15:18:02 IST" name="Login1" data-provider="logindata" finished-at="2023-06-06T15:18:11 IST" duration-ms="9240" status="PASS">
          <params>
            <param index="0">
              <value>
                <![CDATA[venkatesh444@gmail.com]]>
              </value>
            </param>
            <param index="1">
              <value>
                <![CDATA[Angara@123]]>
              </value>
            </param>
          </params>
          <reporter-output>
          </reporter-output>
        </test-method> <!-- Login1 -->
        <test-method signature="mymenu()[pri:1, instance:com.wipro.Testcases.Testcase3@451001e5]" started-at="2023-06-06T15:18:11 IST" name="mymenu" finished-at="2023-06-06T15:18:15 IST" duration-ms="3656" status="PASS">
          <reporter-output>
          </reporter-output>
        </test-method> <!-- mymenu -->
        <test-method signature="myselect()[pri:2, instance:com.wipro.Testcases.Testcase3@451001e5]" started-at="2023-06-06T15:18:15 IST" name="myselect" finished-at="2023-06-06T15:18:25 IST" duration-ms="10178" status="PASS">
          <reporter-output>
          </reporter-output>
        </test-method> <!-- myselect -->
        <test-method signature="logout1()[pri:3, instance:com.wipro.Testcases.Testcase3@451001e5]" started-at="2023-06-06T15:18:25 IST" name="logout1" finished-at="2023-06-06T15:18:26 IST" duration-ms="1017" status="PASS">
          <reporter-output>
          </reporter-output>
        </test-method> <!-- logout1 -->
        <test-method is-config="true" signature="windUp()[pri:0, instance:com.wipro.Testcases.Testcase3@451001e5]" started-at="2023-06-06T15:18:26 IST" name="windUp" finished-at="2023-06-06T15:18:26 IST" duration-ms="170" status="PASS">
          <reporter-output>
          </reporter-output>
        </test-method> <!-- windUp -->
      </class> <!-- com.wipro.Testcases.Testcase3 -->
    </test> <!-- NopCommerceTest -->
  </suite> <!-- Suite -->
</testng-results>
